<?xml version="1.0" encoding="UTF-8"?>
<!-- Generated by org.testng.reporters.JUnitReportReporter -->
<testsuite hostname="Satheesh-Vidhya-Venpa" failures="0" tests="2" name="com.letskodeit.testclasses.LoginTests" time="13.359" errors="0" timestamp="13 Oct 2022 12:20:20 GMT" skipped="0">
  <testcase classname="com.letskodeit.testclasses.LoginTests" name="testLogin" time="4.955"/>
  <testcase classname="com.letskodeit.testclasses.LoginTests" name="testInvalidLogin" time="8.404"/>
</testsuite> <!-- com.letskodeit.testclasses.LoginTests -->
