<?xml version="1.0" encoding="UTF-8"?>
<!-- Generated by org.testng.reporters.JUnitReportReporter -->
<testsuite hostname="Satheesh-Vidhya-Venpa" failures="0" tests="3" name="com.letskodeit.testclasses.AllCoursesTests" time="14.946" errors="0" timestamp="13 Oct 2022 12:20:20 GMT" skipped="0">
  <testcase classname="com.letskodeit.testclasses.AllCoursesTests" name="filterByCategory" time="9.416"/>
  <testcase classname="com.letskodeit.testclasses.AllCoursesTests" name="verifySearchCourse" time="2.551"/>
  <testcase classname="com.letskodeit.testclasses.AllCoursesTests" name="verifySearchCourse" time="2.979"/>
</testsuite> <!-- com.letskodeit.testclasses.AllCoursesTests -->
