<?xml version="1.0" encoding="UTF-8"?>
<!-- Generated by org.testng.reporters.JUnitReportReporter -->
<testsuite hostname="Satheesh-Vidhya-Venpa" failures="0" tests="2" name="com.letskodeit.testclasses.LoginTests" time="14.000" errors="0" timestamp="06 Oct 2022 14:44:53 GMT" skipped="0">
  <testcase classname="com.letskodeit.testclasses.LoginTests" name="testInvalidLogin" time="8.346"/>
  <testcase classname="com.letskodeit.testclasses.LoginTests" name="testLogin" time="5.654"/>
</testsuite> <!-- com.letskodeit.testclasses.LoginTests -->
