<?xml version="1.0" encoding="UTF-8"?>
<!-- Generated by org.testng.reporters.JUnitReportReporter -->
<testsuite hostname="Satheesh-Vidhya-Venpa" failures="0" tests="3" name="com.letskodeit.testclasses.AllCoursesTests" time="14.356" errors="0" timestamp="06 Oct 2022 14:44:53 GMT" skipped="0">
  <testcase classname="com.letskodeit.testclasses.AllCoursesTests" name="verifySearchCourse" time="2.879"/>
  <testcase classname="com.letskodeit.testclasses.AllCoursesTests" name="filterByCategory" time="9.010"/>
  <testcase classname="com.letskodeit.testclasses.AllCoursesTests" name="verifySearchCourse" time="2.467"/>
</testsuite> <!-- com.letskodeit.testclasses.AllCoursesTests -->
